<html>
<head>
<title>TestNG:  Default test</title>
<link href="../testng.css" rel="stylesheet" type="text/css" />
<link href="../my-testng.css" rel="stylesheet" type="text/css" />

<style type="text/css">
.log { display: none;} 
.stack-trace { display: none;} 
</style>
<script type="text/javascript">
<!--
function flip(e) {
  current = e.style.display;
  if (current == 'block') {
    e.style.display = 'none';
    return 0;
  }
  else {
    e.style.display = 'block';
    return 1;
  }
}

function toggleBox(szDivId, elem, msg1, msg2)
{
  var res = -1;  if (document.getElementById) {
    res = flip(document.getElementById(szDivId));
  }
  else if (document.all) {
    // this is the way old msie versions work
    res = flip(document.all[szDivId]);
  }
  if(elem) {
    if(res == 0) elem.innerHTML = msg1; else elem.innerHTML = msg2;
  }

}

function toggleAllBoxes() {
  if (document.getElementsByTagName) {
    d = document.getElementsByTagName('div');
    for (i = 0; i < d.length; i++) {
      if (d[i].className == 'log') {
        flip(d[i]);
      }
    }
  }
}

// -->
</script>

</head>
<body>
<h2 align='center'>Default test</h2><table border='1' align="center">
<tr>
<td>Tests passed/Failed/Skipped:</td><td>11/2/0</td>
</tr><tr>
<td>Started on:</td><td>Fri Jan 19 12:08:19 EET 2024</td>
</tr>
<tr><td>Total time:</td><td>144 seconds (144784 ms)</td>
</tr><tr>
<td>Included groups:</td><td></td>
</tr><tr>
<td>Excluded groups:</td><td></td>
</tr>
</table><p/>
<small><i>(Hover the method name to see the test class name)</i></small><p/>
<table width='100%' border='1' class='invocation-failed'>
<tr><td colspan='4' align='center'><b>FAILED TESTS</b></td></tr>
<tr><td><b>Test method</b></td>
<td><b>Attribute(s)</b></td>
<td width="30%"><b>Exception</b></td>
<td width="10%"><b>Time (seconds)</b></td>
<td><b>Instance</b></td>
</tr>
<tr>
<td title='org.example.testRunner.Runner.runScenario()'><b>runScenario</b><br>Test class: org.example.testRunner.Runner<br>Test method: Runs Cucumber Scenarios<br>Parameters: "the Social media links should be working", "the User can follow us on different Social media"</td>
<td><div><pre>java.lang.AssertionError: expected [true] but found [false]
	at org.testng.Assert.fail(Assert.java:110)
	at org.testng.Assert.failNotEquals(Assert.java:1413)
	at org.testng.Assert.assertEqualsImpl(Assert.java:149)
	at org.testng.Assert.assertEquals(Assert.java:131)
	at org.testng.Assert.assertEquals(Assert.java:976)
	at org.testng.Assert.assertEquals(Assert.java:1010)
	at org.example.stepDefs.D07_FollowUsStepDef.user_verify_that_something_for_every_social_correct(D07_FollowUsStepDef.java:44)
	at ✽.user verify that &quot;https://www.rss.com/user/nopCommerce&quot; for every social correct(file:///C:/Users/islam/OneDrive/Desktop/selinum/WebDemoNopCommerce_Automation-master/Final%20Project%20Sele/src/main/resources/features/F07_FollowUs.feature:7)
</pre></div><a href='#' onClick='toggleBox("stack-trace2031209493", this, "Click to show all stack frames", "Click to hide stack frames")'>Click to show all stack frames</a>
<div class='stack-trace' id='stack-trace2031209493'><pre>java.lang.AssertionError: expected [true] but found [false]
	at org.testng.Assert.fail(Assert.java:110)
	at org.testng.Assert.failNotEquals(Assert.java:1413)
	at org.testng.Assert.assertEqualsImpl(Assert.java:149)
	at org.testng.Assert.assertEquals(Assert.java:131)
	at org.testng.Assert.assertEquals(Assert.java:976)
	at org.testng.Assert.assertEquals(Assert.java:1010)
	at org.example.stepDefs.D07_FollowUsStepDef.user_verify_that_something_for_every_social_correct(D07_FollowUsStepDef.java:44)
	at ✽.user verify that &quot;https://www.rss.com/user/nopCommerce&quot; for every social correct(file:///C:/Users/islam/OneDrive/Desktop/selinum/WebDemoNopCommerce_Automation-master/Final%20Project%20Sele/src/main/resources/features/F07_FollowUs.feature:7)
</pre></div></td>
<td>8</td>
<td>org.example.testRunner.Runner@3f191845</td></tr>
<tr>
<td title='org.example.testRunner.Runner.runScenario()'><b>runScenario</b><br>Test class: org.example.testRunner.Runner<br>Test method: Runs Cucumber Scenarios<br>Parameters: "Logged user could add different products to Wishlist", "Logged user could add different products to Wishlist"</td>
<td><div><pre>org.openqa.selenium.NoSuchElementException: no such element: Unable to locate element: {&quot;method&quot;:&quot;xpath&quot;,&quot;selector&quot;:&quot;//p[@class=&apos;content&apos;]&quot;}
  (Session info: chrome=120.0.6099.218)
For documentation on this error, please visit: https://www.selenium.dev/documentation/webdriver/troubleshooting/errors#no-such-element-exception
Build info: version: &apos;4.16.0&apos;, revision: &apos;15400459dd*&apos;
System info: os.name: &apos;Windows 11&apos;, os.arch: &apos;amd64&apos;, os.version: &apos;10.0&apos;, java.version: &apos;17.0.5&apos;
Driver info: org.openqa.selenium.chrome.ChromeDriver
Command: [77c4457e15fb28408b4c67448a3d9e49, findElement {using=xpath, value=//p[@class=&apos;content&apos;]}]
Capabilities {acceptInsecureCerts: false, browserName: chrome, browserVersion: 120.0.6099.218, chrome: {chromedriverVersion: 120.0.6099.109 (3419140ab66..., userDataDir: C:\Users\islam\AppData\Loca...}, fedcm:accounts: true, goog:chromeOptions: {debuggerAddress: localhost:29322}, networkConnectionEnabled: false, pageLoadStrategy: normal, platformName: windows, proxy: Proxy(), se:cdp: ws://localhost:29322/devtoo..., se:cdpVersion: 120.0.6099.218, setWindowRect: true, strictFileInteractability: false, timeouts: {implicit: 0, pageLoad: 300000, script: 30000}, unhandledPromptBehavior: dismiss and notify, webauthn:extension:credBlob: true, webauthn:extension:largeBlob: true, webauthn:extension:minPinLength: true, webauthn:extension:prf: true, webauthn:virtualAuthenticators: true}
Session ID: 77c4457e15fb28408b4c67448a3d9e49
	at java.base/jdk.internal.reflect.NativeConstructorAccessorImpl.newInstance0(Native Method)
	at java.base/jdk.internal.reflect.NativeConstructorAccessorImpl.newInstance(NativeConstructorAccessorImpl.java:77)
	at java.base/jdk.internal.reflect.DelegatingConstructorAccessorImpl.newInstance(DelegatingConstructorAccessorImpl.java:45)
	at java.base/java.lang.reflect.Constructor.newInstanceWithCaller(Constructor.java:499)
	at java.base/java.lang.reflect.Constructor.newInstance(Constructor.java:480)
	at org.openqa.selenium.remote.codec.w3c.W3CHttpResponseCodec.createException(W3CHttpResponseCodec.java:200)
	at org.openqa.selenium.remote.codec.w3c.W3CHttpResponseCodec.decode(W3CHttpResponseCodec.java:133)
	at org.openqa.selenium.remote.codec.w3c.W3CHttpResponseCodec.decode(W3CHttpResponseCodec.java:52)
	at org.openqa.selenium.remote.HttpCommandExecutor.execute(HttpCommandExecutor.java:191)
	at org.openqa.selenium.remote.service.DriverCommandExecutor.invokeExecute(DriverCommandExecutor.java:200)
	at org.openqa.selenium.remote.service.DriverCommandExecutor.execute(DriverCommandExecutor.java:175)
	at org.openqa.selenium.remote.RemoteWebDriver.execute(RemoteWebDriver.java:523)
	at org.openqa.selenium.remote.ElementLocation$ElementFinder$2.findElement(ElementLocation.java:165)
	at org.openqa.selenium.remote.ElementLocation.findElement(ElementLocation.java:59)
	at org.openqa.selenium.remote.RemoteWebDriver.findElement(RemoteWebDriver.java:360)
	at org.openqa.selenium.remote.RemoteWebDriver.findElement(RemoteWebDriver.java:354)
	at org.openqa.selenium.support.pagefactory.DefaultElementLocator.findElement(DefaultElementLocator.java:68)
	at org.openqa.selenium.support.pagefactory.internal.LocatingElementHandler.invoke(LocatingElementHandler.java:38)
	at jdk.proxy2/jdk.proxy2.$Proxy26.getText(Unknown Source)
	at org.example.stepDefs.D08_WishListStepDef.the_system_show_green_success_message(D08_WishListStepDef.java:32)
	at ✽.the system show green success message(file:///C:/Users/islam/OneDrive/Desktop/selinum/WebDemoNopCommerce_Automation-master/Final%20Project%20Sele/src/main/resources/features/F08_WishList1.feature:7)
</pre></div><a href='#' onClick='toggleBox("stack-trace1180857642", this, "Click to show all stack frames", "Click to hide stack frames")'>Click to show all stack frames</a>
<div class='stack-trace' id='stack-trace1180857642'><pre>org.openqa.selenium.NoSuchElementException: no such element: Unable to locate element: {&quot;method&quot;:&quot;xpath&quot;,&quot;selector&quot;:&quot;//p[@class=&apos;content&apos;]&quot;}
  (Session info: chrome=120.0.6099.218)
For documentation on this error, please visit: https://www.selenium.dev/documentation/webdriver/troubleshooting/errors#no-such-element-exception
Build info: version: &apos;4.16.0&apos;, revision: &apos;15400459dd*&apos;
System info: os.name: &apos;Windows 11&apos;, os.arch: &apos;amd64&apos;, os.version: &apos;10.0&apos;, java.version: &apos;17.0.5&apos;
Driver info: org.openqa.selenium.chrome.ChromeDriver
Command: [77c4457e15fb28408b4c67448a3d9e49, findElement {using=xpath, value=//p[@class=&apos;content&apos;]}]
Capabilities {acceptInsecureCerts: false, browserName: chrome, browserVersion: 120.0.6099.218, chrome: {chromedriverVersion: 120.0.6099.109 (3419140ab66..., userDataDir: C:\Users\islam\AppData\Loca...}, fedcm:accounts: true, goog:chromeOptions: {debuggerAddress: localhost:29322}, networkConnectionEnabled: false, pageLoadStrategy: normal, platformName: windows, proxy: Proxy(), se:cdp: ws://localhost:29322/devtoo..., se:cdpVersion: 120.0.6099.218, setWindowRect: true, strictFileInteractability: false, timeouts: {implicit: 0, pageLoad: 300000, script: 30000}, unhandledPromptBehavior: dismiss and notify, webauthn:extension:credBlob: true, webauthn:extension:largeBlob: true, webauthn:extension:minPinLength: true, webauthn:extension:prf: true, webauthn:virtualAuthenticators: true}
Session ID: 77c4457e15fb28408b4c67448a3d9e49
	at java.base/jdk.internal.reflect.NativeConstructorAccessorImpl.newInstance0(Native Method)
	at java.base/jdk.internal.reflect.NativeConstructorAccessorImpl.newInstance(NativeConstructorAccessorImpl.java:77)
	at java.base/jdk.internal.reflect.DelegatingConstructorAccessorImpl.newInstance(DelegatingConstructorAccessorImpl.java:45)
	at java.base/java.lang.reflect.Constructor.newInstanceWithCaller(Constructor.java:499)
	at java.base/java.lang.reflect.Constructor.newInstance(Constructor.java:480)
	at org.openqa.selenium.remote.codec.w3c.W3CHttpResponseCodec.createException(W3CHttpResponseCodec.java:200)
	at org.openqa.selenium.remote.codec.w3c.W3CHttpResponseCodec.decode(W3CHttpResponseCodec.java:133)
	at org.openqa.selenium.remote.codec.w3c.W3CHttpResponseCodec.decode(W3CHttpResponseCodec.java:52)
	at org.openqa.selenium.remote.HttpCommandExecutor.execute(HttpCommandExecutor.java:191)
	at org.openqa.selenium.remote.service.DriverCommandExecutor.invokeExecute(DriverCommandExecutor.java:200)
	at org.openqa.selenium.remote.service.DriverCommandExecutor.execute(DriverCommandExecutor.java:175)
	at org.openqa.selenium.remote.RemoteWebDriver.execute(RemoteWebDriver.java:523)
	at org.openqa.selenium.remote.ElementLocation$ElementFinder$2.findElement(ElementLocation.java:165)
	at org.openqa.selenium.remote.ElementLocation.findElement(ElementLocation.java:59)
	at org.openqa.selenium.remote.RemoteWebDriver.findElement(RemoteWebDriver.java:360)
	at org.openqa.selenium.remote.RemoteWebDriver.findElement(RemoteWebDriver.java:354)
	at org.openqa.selenium.support.pagefactory.DefaultElementLocator.findElement(DefaultElementLocator.java:68)
	at org.openqa.selenium.support.pagefactory.internal.LocatingElementHandler.invoke(LocatingElementHandler.java:38)
	at jdk.proxy2/jdk.proxy2.$Proxy26.getText(Unknown Source)
	at org.example.stepDefs.D08_WishListStepDef.the_system_show_green_success_message(D08_WishListStepDef.java:32)
	at ✽.the system show green success message(file:///C:/Users/islam/OneDrive/Desktop/selinum/WebDemoNopCommerce_Automation-master/Final%20Project%20Sele/src/main/resources/features/F08_WishList1.feature:7)
</pre></div></td>
<td>14</td>
<td>org.example.testRunner.Runner@3f191845</td></tr>
</table><p>
<table width='100%' border='1' class='invocation-passed'>
<tr><td colspan='4' align='center'><b>PASSED TESTS</b></td></tr>
<tr><td><b>Test method</b></td>
<td><b>Attribute(s)</b></td>
<td width="30%"><b>Exception</b></td>
<td width="10%"><b>Time (seconds)</b></td>
<td><b>Instance</b></td>
</tr>
<tr>
<td title='org.example.testRunner.Runner.runScenario()'><b>runScenario</b><br>Test class: org.example.testRunner.Runner<br>Test method: Runs Cucumber Scenarios<br>Parameters: "user login successfully", "User could log in with valid email and password"</td>
<td></td>
<td>8</td>
<td>org.example.testRunner.Runner@3f191845</td></tr>
<tr>
<td title='org.example.testRunner.Runner.runScenario()'><b>runScenario</b><br>Test class: org.example.testRunner.Runner<br>Test method: Runs Cucumber Scenarios<br>Parameters: "The links on slider page should working", "The links on slider page should working"</td>
<td></td>
<td>6</td>
<td>org.example.testRunner.Runner@3f191845</td></tr>
<tr>
<td title='org.example.testRunner.Runner.runScenario()'><b>runScenario</b><br>Test class: org.example.testRunner.Runner<br>Test method: Runs Cucumber Scenarios<br>Parameters: "the Social media links should be working", "the User can follow us on different Social media"</td>
<td></td>
<td>13</td>
<td>org.example.testRunner.Runner@3f191845</td></tr>
<tr>
<td title='org.example.testRunner.Runner.runScenario()'><b>runScenario</b><br>Test class: org.example.testRunner.Runner<br>Test method: Runs Cucumber Scenarios<br>Parameters: "Logged user could select different Categories", "the Logged user could select any different Categories in the system"</td>
<td></td>
<td>11</td>
<td>org.example.testRunner.Runner@3f191845</td></tr>
<tr>
<td title='org.example.testRunner.Runner.runScenario()'><b>runScenario</b><br>Test class: org.example.testRunner.Runner<br>Test method: Runs Cucumber Scenarios<br>Parameters: "The links on slider page should working", "The links on slider page should working"</td>
<td></td>
<td>7</td>
<td>org.example.testRunner.Runner@3f191845</td></tr>
<tr>
<td title='org.example.testRunner.Runner.runScenario()'><b>runScenario</b><br>Test class: org.example.testRunner.Runner<br>Test method: Runs Cucumber Scenarios<br>Parameters: "user Register successfully", "User could register with valid data"</td>
<td></td>
<td>12</td>
<td>org.example.testRunner.Runner@3f191845</td></tr>
<tr>
<td title='org.example.testRunner.Runner.runScenario()'><b>runScenario</b><br>Test class: org.example.testRunner.Runner<br>Test method: Runs Cucumber Scenarios<br>Parameters: "Logged User could switch between currencies US-Euro", "switching between currencies US-Euro"</td>
<td></td>
<td>12</td>
<td>org.example.testRunner.Runner@3f191845</td></tr>
<tr>
<td title='org.example.testRunner.Runner.runScenario()'><b>runScenario</b><br>Test class: org.example.testRunner.Runner<br>Test method: Runs Cucumber Scenarios<br>Parameters: "the Social media links should be working", "the User can follow us on different Social media"</td>
<td></td>
<td>13</td>
<td>org.example.testRunner.Runner@3f191845</td></tr>
<tr>
<td title='org.example.testRunner.Runner.runScenario()'><b>runScenario</b><br>Test class: org.example.testRunner.Runner<br>Test method: Runs Cucumber Scenarios<br>Parameters: "the Social media links should be working", "the User can follow us on different Social media"</td>
<td></td>
<td>13</td>
<td>org.example.testRunner.Runner@3f191845</td></tr>
<tr>
<td title='org.example.testRunner.Runner.runScenario()'><b>runScenario</b><br>Test class: org.example.testRunner.Runner<br>Test method: Runs Cucumber Scenarios<br>Parameters: "user couldn't login successfully", "User could log in with valid email and password"</td>
<td></td>
<td>8</td>
<td>org.example.testRunner.Runner@3f191845</td></tr>
<tr>
<td title='org.example.testRunner.Runner.runScenario()'><b>runScenario</b><br>Test class: org.example.testRunner.Runner<br>Test method: Runs Cucumber Scenarios<br>Parameters: "Logged User could search for any product", "User could search for any product"</td>
<td></td>
<td>12</td>
<td>org.example.testRunner.Runner@3f191845</td></tr>
</table><p>
</body>
</html>